D:\PAXPAYPRO2014\MYAPP\MONITOR_EDC_V20160921\DEBUG\APPLIB.OBJ
D:\PAXPAYPRO2014\MYAPP\MONITOR_EDC_V20160921\DEBUG\BMPTOPRNLOGO.OBJ
D:\PAXPAYPRO2014\MYAPP\MONITOR_EDC_V20160921\DEBUG\CHECKOPT.OBJ
D:\PaxPayPro2014\myapp\Monitor_EDC_V20160921\Debug\cl.command.1.tlog
D:\PaxPayPro2014\myapp\Monitor_EDC_V20160921\Debug\CL.read.1.tlog
D:\PaxPayPro2014\myapp\Monitor_EDC_V20160921\Debug\CL.write.1.tlog
D:\PAXPAYPRO2014\MYAPP\MONITOR_EDC_V20160921\DEBUG\CLSSPROC.OBJ
D:\PAXPAYPRO2014\MYAPP\MONITOR_EDC_V20160921\DEBUG\COMMLIB.OBJ
D:\PAXPAYPRO2014\MYAPP\MONITOR_EDC_V20160921\DEBUG\COMMPROC.OBJ
D:\PAXPAYPRO2014\MYAPP\MONITOR_EDC_V20160921\DEBUG\CPINPAD.OBJ
D:\PAXPAYPRO2014\MYAPP\MONITOR_EDC_V20160921\DEBUG\DEBUG.OBJ
D:\PAXPAYPRO2014\MYAPP\MONITOR_EDC_V20160921\DEBUG\EMVPROC.OBJ
D:\PAXPAYPRO2014\MYAPP\MONITOR_EDC_V20160921\DEBUG\EMVTEST.OBJ
D:\PAXPAYPRO2014\MYAPP\MONITOR_EDC_V20160921\DEBUG\EVENTMSG.OBJ
D:\PAXPAYPRO2014\MYAPP\MONITOR_EDC_V20160921\DEBUG\FILEOPER.OBJ
D:\PAXPAYPRO2014\MYAPP\MONITOR_EDC_V20160921\DEBUG\GLOBAL.OBJ
D:\PAXPAYPRO2014\MYAPP\MONITOR_EDC_V20160921\DEBUG\GUI.OBJ
D:\PAXPAYPRO2014\MYAPP\MONITOR_EDC_V20160921\DEBUG\INITPOS.OBJ
D:\PaxPayPro2014\myapp\Monitor_EDC_V20160921\Debug\link.command.1.tlog
D:\PaxPayPro2014\myapp\Monitor_EDC_V20160921\Debug\link.read.1.tlog
D:\PaxPayPro2014\myapp\Monitor_EDC_V20160921\Debug\link.write.1.tlog
D:\PAXPAYPRO2014\MYAPP\MONITOR_EDC_V20160921\DEBUG\LNG.OBJ
D:\PAXPAYPRO2014\MYAPP\MONITOR_EDC_V20160921\DEBUG\MAIN.OBJ
D:\PAXPAYPRO2014\MYAPP\MONITOR_EDC_V20160921\DEBUG\MANAGE.OBJ
D:\PAXPAYPRO2014\MYAPP\MONITOR_EDC_V20160921\DEBUG\MLOGO.OBJ
D:\PAXPAYPRO2014\MYAPP\MONITOR_EDC_V20160921\DEBUG\MULTIAPP.OBJ
D:\PAXPAYPRO2014\MYAPP\MONITOR_EDC_V20160921\DEBUG\PACK8583.OBJ
D:\PAXPAYPRO2014\MYAPP\MONITOR_EDC_V20160921\DEBUG\PASSWORD.OBJ
D:\PAXPAYPRO2014\MYAPP\MONITOR_EDC_V20160921\DEBUG\PRINT.OBJ
D:\PAXPAYPRO2014\MYAPP\MONITOR_EDC_V20160921\DEBUG\PROCTRANS.OBJ
D:\PAXPAYPRO2014\MYAPP\MONITOR_EDC_V20160921\DEBUG\SETUP.OBJ
D:\PAXPAYPRO2014\MYAPP\MONITOR_EDC_V20160921\DEBUG\SIMULATE.OBJ
D:\PAXPAYPRO2014\MYAPP\MONITOR_EDC_V20160921\DEBUG\ST8583.OBJ
D:\PAXPAYPRO2014\MYAPP\MONITOR_EDC_V20160921\DEBUG\SXXCOM.OBJ
D:\PAXPAYPRO2014\MYAPP\MONITOR_EDC_V20160921\DEBUG\SXXCOMSSL.OBJ
D:\PAXPAYPRO2014\MYAPP\MONITOR_EDC_V20160921\DEBUG\TRANPROC.OBJ
D:\PAXPAYPRO2014\MYAPP\MONITOR_EDC_V20160921\DEBUG\UTIL.OBJ
D:\PaxPayPro2014\myapp\Monitor_EDC_V20160921\Debug\vc100.idb
D:\PAXPAYPRO2014\MYAPP\MONITOR_EDC_V20160921\DEBUG\VC100.PDB
